<?xml version="1.0" encoding="UTF-8"?>
<testng-results ignored="0" total="0" passed="0" failed="0" skipped="0">
  <reporter-output>
  </reporter-output>
  <suite started-at="2020-06-12T14:20:18 MSK" name="TrackerSQLTest" finished-at="2020-06-12T14:20:18 MSK" duration-ms="6">
    <groups>
    </groups>
    <test started-at="2020-06-12T14:20:18 MSK" name="Command line test" finished-at="2020-06-12T14:20:18 MSK" duration-ms="6">
    </test> <!-- Command line test -->
  </suite> <!-- TrackerSQLTest -->
</testng-results>
